[Licensing::Module] Trying to connect to existing licensing client channel...
Built from '6000.2/staging' branch; Version is '6000.2.5f1 (43d04cd1df69) revision 4444236'; Using compiler version '194234433'; Build Type 'Release'
[Licensing::IpcConnector] Successfully connected to: "LicenseClient-k-EBjeZLOyDyoCHTDYcF7" at "2025-12-05T09:31:56.1138351Z"
OS: 'Windows 11  (10.0.26200) 64bit Professional' Language: 'es' Physical Memory: 32149 MB
BatchMode: 1, IsHumanControllingUs: 0, StartBugReporterOnCrash: 0, Is64bit: 1
Date: 2025-12-05T09:31:56Z

COMMAND LINE ARGUMENTS:
C:\Program Files\Unity\Hub\Editor\6000.2.5f1\Editor\Unity.exe
-adb2
-batchMode
-noUpm
-name
AssetImportWorker0
-projectPath
C:/Users/Oscar/Desktop/FirstProject2526
-logFile
Logs/AssetImportWorker0.log
-srvPort
55375
-licensingIpc
LicenseClient-k-EBjeZLOyDyoCHTDYcF7
-job-worker-count
7
-background-job-worker-count
8
-gc-helper-count
1
-name
AssetImport
Successfully changed project path to: C:/Users/Oscar/Desktop/FirstProject2526
C:/Users/Oscar/Desktop/FirstProject2526
[UnityMemory] Configuration Parameters - Can be set up in boot.config
    "memorysetup-allocator-temp-initial-block-size-main=262144"
    "memorysetup-allocator-temp-initial-block-size-worker=262144"
    "memorysetup-bucket-allocator-granularity=16"
    "memorysetup-bucket-allocator-bucket-count=8"
    "memorysetup-bucket-allocator-block-size=33554432"
    "memorysetup-bucket-allocator-block-count=8"
    "memorysetup-main-allocator-block-size=16777216"
    "memorysetup-thread-allocator-block-size=16777216"
    "memorysetup-gfx-main-allocator-block-size=16777216"
    "memorysetup-gfx-thread-allocator-block-size=16777216"
    "memorysetup-cache-allocator-block-size=4194304"
    "memorysetup-typetree-allocator-block-size=2097152"
    "memorysetup-profiler-bucket-allocator-granularity=16"
    "memorysetup-profiler-bucket-allocator-bucket-count=8"
    "memorysetup-profiler-bucket-allocator-block-size=33554432"
    "memorysetup-profiler-bucket-allocator-block-count=8"
    "memorysetup-profiler-allocator-block-size=16777216"
    "memorysetup-profiler-editor-allocator-block-size=1048576"
    "memorysetup-temp-allocator-size-main=16777216"
    "memorysetup-job-temp-allocator-block-size=2097152"
    "memorysetup-job-temp-allocator-block-size-background=1048576"
    "memorysetup-job-temp-allocator-reduction-small-platforms=262144"
    "memorysetup-temp-allocator-size-background-worker=32768"
    "memorysetup-temp-allocator-size-job-worker=262144"
    "memorysetup-temp-allocator-size-preload-manager=33554432"
    "memorysetup-temp-allocator-size-nav-mesh-worker=65536"
    "memorysetup-temp-allocator-size-audio-worker=65536"
    "memorysetup-temp-allocator-size-cloud-worker=32768"
    "memorysetup-temp-allocator-size-gi-baking-worker=262144"
    "memorysetup-temp-allocator-size-gi-baking-worker=262144"
    "memorysetup-temp-allocator-size-gi-baking-worker=262144"
    "memorysetup-temp-allocator-size-gi-baking-worker=262144"
    "memorysetup-temp-allocator-size-gi-baking-worker=262144"
    "memorysetup-temp-allocator-size-gfx=262144"
Player connection [20112]  Target information:

Player connection [20112]  * "[IP] 192.168.12.159 [Port] 0 [Flags] 2 [Guid] 3239272064 [EditorId] 3239272064 [Version] 1048832 [Id] WindowsEditor(7,DESKTOP-UM379F1) [Debug] 1 [PackageName] WindowsEditor [ProjectName] Editor" 

Player connection [20112]  * "[IP] 172.23.192.1 [Port] 0 [Flags] 2 [Guid] 3239272064 [EditorId] 3239272064 [Version] 1048832 [Id] WindowsEditor(7,DESKTOP-UM379F1) [Debug] 1 [PackageName] WindowsEditor [ProjectName] Editor" 

Player connection [20112] Host joined multi-casting on [225.0.0.222:54997]...
Player connection [20112] Host joined alternative multi-casting on [225.0.0.222:34997]...
JobSystem: Creating JobQueue using job-worker-count value 7
Input System module state changed to: Initialized.
[Physics::Module] Initialized fallback backend.
[Physics::Module] Id: 0xdecafbad
[Licensing::Client] Code 10 while verifying Licensing Client signature (process Id: 21132, path: "C:/Program Files/Unity Hub/UnityLicensingClient_V1/Unity.Licensing.Client.exe")
[Licensing::Module] LicensingClient has failed validation; ignoring
[Licensing::Client] Handshaking with LicensingClient:
  Version:                 1.17.3+a4e98f1
  Session Id:              bc33dc89382348708fd4c21ad699a5dc
  Correlation Id:          dfe842bce47aae59cfc4fdc28317f1e0
  External correlation Id: 1284298765515261722
  Machine Id:              ZJ3gB6wifpcjP3TAUXlYb3MkD+A=
[Licensing::Module] Successfully connected to LicensingClient on channel: "LicenseClient-k-EBjeZLOyDyoCHTDYcF7" (connect: 0.00s, validation: 0.00s, handshake: 0.05s)
[Licensing::IpcConnector] Successfully connected to: "LicenseClient-k-EBjeZLOyDyoCHTDYcF7-notifications" at "2025-12-05T09:31:56.1631276Z"
[Licensing::Module] Licensing Background thread has ended after 0.05s
Library Redirect Path: Library/
[Physics::Module] Selected backend.
[Physics::Module] Name: PhysX
[Physics::Module] Id: 0xf2b8ea05
[Physics::Module] SDK Version: 4.1.2
[Physics::Module] Integration Version: 1.0.0
[Physics::Module] Threading Mode: Multi-Threaded
Refreshing native plugins compatible for Editor in 2.77 ms, found 3 plugins.
Preloading 0 native plugins for Editor in 0.00 ms.
Initialize engine version: 6000.2.5f1 (43d04cd1df69)
[Subsystems] Discovering subsystems at path C:/Program Files/Unity/Hub/Editor/6000.2.5f1/Editor/Data/Resources/UnitySubsystems
[Subsystems] Discovering subsystems at path C:/Users/Oscar/Desktop/FirstProject2526/Assets
GfxDevice: creating device client; kGfxThreadingModeNonThreaded
Direct3D:
    Version:  Direct3D 11.0 [level 11.1]
    Renderer: NVIDIA GeForce RTX 3060 (ID=0x2487)
    Vendor:   NVIDIA
    VRAM:     12110 MB
    Driver:   32.0.15.6094
Initialize mono
Mono path[0] = 'C:/Program Files/Unity/Hub/Editor/6000.2.5f1/Editor/Data/Managed'
Mono path[1] = 'C:/Program Files/Unity/Hub/Editor/6000.2.5f1/Editor/Data/MonoBleedingEdge/lib/mono/unityjit-win32'
Mono config path = 'C:/Program Files/Unity/Hub/Editor/6000.2.5f1/Editor/Data/MonoBleedingEdge/etc'
Using monoOptions --debugger-agent=transport=dt_socket,embedding=1,server=y,suspend=n,address=127.0.0.1:56764
Begin MonoManager ReloadAssembly
Registering precompiled unity dll's ...
Register platform support module: C:/Program Files/Unity/Hub/Editor/6000.2.5f1/Editor/Data/PlaybackEngines/WindowsStandaloneSupport/UnityEditor.WindowsStandalone.Extensions.dll
[Licensing::Client] Successfully resolved entitlement details
[Licensing::Module] License group:
  Id: 1375853284428-UnityPersXXXX
  Product: Unity Personal
  Type: Assigned
  Expiration: Unlimited
Register platform support module: C:/Program Files/Unity/Hub/Editor/6000.2.5f1/Editor/Data/PlaybackEngines/AndroidPlayer/UnityEditor.Android.Extensions.dll
Registered in 0.007745 seconds.
- Loaded All Assemblies, in  0.473 seconds
Native extension for Android target not found
Android Extension - Scanning For ADB Devices 315 ms
Native extension for WindowsStandalone target not found
Mono: successfully reloaded assembly
- Finished resetting the current domain, in  0.764 seconds
Domain Reload Profiling: 1233ms
	BeginReloadAssembly (161ms)
		ExecutionOrderSort (0ms)
		DisableScriptedObjects (0ms)
		BackupInstance (0ms)
		ReleaseScriptingObjects (0ms)
		CreateAndSetChildDomain (1ms)
	RebuildCommonClasses (40ms)
	RebuildNativeTypeToScriptingClass (15ms)
	initialDomainReloadingComplete (61ms)
	LoadAllAssembliesAndSetupDomain (191ms)
		LoadAssemblies (158ms)
		RebuildTransferFunctionScriptingTraits (0ms)
		AnalyzeDomain (186ms)
			TypeCache.Refresh (183ms)
				TypeCache.ScanAssembly (168ms)
			BuildScriptInfoCaches (0ms)
			ResolveRequiredComponents (1ms)
	FinalizeReload (765ms)
		ReleaseScriptCaches (0ms)
		RebuildScriptCaches (0ms)
		SetupLoadedEditorAssemblies (715ms)
			LogAssemblyErrors (0ms)
			InitializePlatformSupportModulesInManaged (442ms)
			SetLoadedEditorAssemblies (5ms)
			BeforeProcessingInitializeOnLoad (74ms)
			ProcessInitializeOnLoadAttributes (130ms)
			ProcessInitializeOnLoadMethodAttributes (64ms)
			AfterProcessingInitializeOnLoad (0ms)
			EditorAssembliesLoaded (0ms)
		ExecutionOrderSort2 (0ms)
		AwakeInstancesAfterBackupRestoration (0ms)
========================================================================
Worker process is ready to serve import requests
Import Worker Mode flag is 0x00
Begin MonoManager ReloadAssembly
[Licensing::Client] Successfully resolved entitlement details
- Loaded All Assemblies, in  0.840 seconds
Refreshing native plugins compatible for Editor in 1.14 ms, found 3 plugins.
Native extension for Android target not found
Native extension for WindowsStandalone target not found
Package Manager log level set to [2]
[Package Manager] Failed to launch server process. Reason: Unity was launched with the -noUpm command-line argument
[Package Manager] Unable to send message (not connected to server process).
[Package Manager] Cannot connect to Unity Package Manager local server
Mono: successfully reloaded assembly
- Finished resetting the current domain, in  0.663 seconds
Domain Reload Profiling: 1497ms
	BeginReloadAssembly (221ms)
		ExecutionOrderSort (0ms)
		DisableScriptedObjects (6ms)
		BackupInstance (0ms)
		ReleaseScriptingObjects (0ms)
		CreateAndSetChildDomain (49ms)
	RebuildCommonClasses (45ms)
	RebuildNativeTypeToScriptingClass (11ms)
	initialDomainReloadingComplete (42ms)
	LoadAllAssembliesAndSetupDomain (514ms)
		LoadAssemblies (408ms)
		RebuildTransferFunctionScriptingTraits (0ms)
		AnalyzeDomain (226ms)
			TypeCache.Refresh (185ms)
				TypeCache.ScanAssembly (164ms)
			BuildScriptInfoCaches (33ms)
			ResolveRequiredComponents (4ms)
	FinalizeReload (663ms)
		ReleaseScriptCaches (0ms)
		RebuildScriptCaches (0ms)
		SetupLoadedEditorAssemblies (521ms)
			LogAssemblyErrors (0ms)
			InitializePlatformSupportModulesInManaged (15ms)
			SetLoadedEditorAssemblies (4ms)
			BeforeProcessingInitializeOnLoad (119ms)
			ProcessInitializeOnLoadAttributes (344ms)
			ProcessInitializeOnLoadMethodAttributes (31ms)
			AfterProcessingInitializeOnLoad (7ms)
			EditorAssembliesLoaded (0ms)
		ExecutionOrderSort2 (0ms)
		AwakeInstancesAfterBackupRestoration (7ms)
Launched and connected shader compiler UnityShaderCompiler.exe after 0.01 seconds
Refreshing native plugins compatible for Editor in 1.38 ms, found 3 plugins.
Preloading 0 native plugins for Editor in 0.00 ms.
Unloading 0 Unused Serialized files (Serialized files now loaded: 0)
Unloading 3899 unused Assets / (1.3 MB). Loaded Objects now: 4393.
Memory consumption went from 83.6 MB to 82.3 MB.
Total: 11.522300 ms (FindLiveObjects: 0.577500 ms CreateObjectMapping: 0.503500 ms MarkObjects: 8.086100 ms  DeleteObjects: 2.352400 ms)

========================================================================
Received Import Request.
  Time since last request: 10736.601096 seconds.
  path: Assets/Prefabs/Ingredients/Bun.prefab
  artifactKey: Guid(9aedd059a9beed341b972f9b944fb100) Importer(815301076,1909f56bfc062723c751e8b465ee728b)
Start importing Assets/Prefabs/Ingredients/Bun.prefab using Guid(9aedd059a9beed341b972f9b944fb100) Importer(815301076,1909f56bfc062723c751e8b465ee728b) (PreviewImporter) -> (artifact id: 'c69cd8e797de4c8d382401e375908db1') in 0.1247839 seconds
Number of updated asset objects reloaded before import = 0Number of asset objects unloaded after import = 25

========================================================================
Received Import Request.
  Time since last request: 1.090027 seconds.
  path: Assets/Prefabs/Ingredients/BurnedSteak.prefab
  artifactKey: Guid(25cf52e49d0060c439cfabf53b63efc5) Importer(815301076,1909f56bfc062723c751e8b465ee728b)
Start importing Assets/Prefabs/Ingredients/BurnedSteak.prefab using Guid(25cf52e49d0060c439cfabf53b63efc5) Importer(815301076,1909f56bfc062723c751e8b465ee728b) (PreviewImporter) -> (artifact id: 'ed13e4273dc982b735f6193203a5a2ea') in 0.0093764 seconds
Number of updated asset objects reloaded before import = 0Number of asset objects unloaded after import = 18

========================================================================
Received Import Request.
  Time since last request: 5.349081 seconds.
  path: Assets/Prefabs/Ingredients/Cheese.prefab
  artifactKey: Guid(5b8d8b53acf694a479e6aa9ed9c42dd5) Importer(815301076,1909f56bfc062723c751e8b465ee728b)
Start importing Assets/Prefabs/Ingredients/Cheese.prefab using Guid(5b8d8b53acf694a479e6aa9ed9c42dd5) Importer(815301076,1909f56bfc062723c751e8b465ee728b) (PreviewImporter) -> (artifact id: '26fd9b44dd9878c7eb728c408bdc0162') in 0.0104077 seconds
Number of updated asset objects reloaded before import = 0Number of asset objects unloaded after import = 31

========================================================================
Received Import Request.
  Time since last request: 11.789326 seconds.
  path: Assets/Prefabs/Ingredients/ChoppedMeat.prefab
  artifactKey: Guid(b54a55fe5dcd2af4ba2a110a7d31a2f9) Importer(815301076,1909f56bfc062723c751e8b465ee728b)
Start importing Assets/Prefabs/Ingredients/ChoppedMeat.prefab using Guid(b54a55fe5dcd2af4ba2a110a7d31a2f9) Importer(815301076,1909f56bfc062723c751e8b465ee728b) (PreviewImporter) -> (artifact id: '3c8188e6b94892d1e5cf0325f522f806') in 0.0167775 seconds
Number of updated asset objects reloaded before import = 0Number of asset objects unloaded after import = 66

========================================================================
Received Import Request.
  Time since last request: 6.172288 seconds.
  path: Assets/Prefabs/Ingredients/Cheese.prefab
  artifactKey: Guid(5b8d8b53acf694a479e6aa9ed9c42dd5) Importer(815301076,1909f56bfc062723c751e8b465ee728b)
Start importing Assets/Prefabs/Ingredients/Cheese.prefab using Guid(5b8d8b53acf694a479e6aa9ed9c42dd5) Importer(815301076,1909f56bfc062723c751e8b465ee728b) (PreviewImporter) -> (artifact id: 'af853f8412f47a03efc922a1343522cb') in 0.00838 seconds
Number of updated asset objects reloaded before import = 0Number of asset objects unloaded after import = 31

========================================================================
Received Import Request.
  Time since last request: 0.643633 seconds.
  path: Assets/Prefabs/Ingredients/BurnedSteak.prefab
  artifactKey: Guid(25cf52e49d0060c439cfabf53b63efc5) Importer(815301076,1909f56bfc062723c751e8b465ee728b)
Start importing Assets/Prefabs/Ingredients/BurnedSteak.prefab using Guid(25cf52e49d0060c439cfabf53b63efc5) Importer(815301076,1909f56bfc062723c751e8b465ee728b) (PreviewImporter) -> (artifact id: 'c93b5fd1937b7f880e1fefd401c9127d') in 0.007784 seconds
Number of updated asset objects reloaded before import = 0Number of asset objects unloaded after import = 18

========================================================================
Received Import Request.
  Time since last request: 0.974081 seconds.
  path: Assets/Prefabs/Ingredients/Bun.prefab
  artifactKey: Guid(9aedd059a9beed341b972f9b944fb100) Importer(815301076,1909f56bfc062723c751e8b465ee728b)
Start importing Assets/Prefabs/Ingredients/Bun.prefab using Guid(9aedd059a9beed341b972f9b944fb100) Importer(815301076,1909f56bfc062723c751e8b465ee728b) (PreviewImporter) -> (artifact id: '08a37c8791752d5feabbc8cea0ff6b8e') in 0.0079786 seconds
Number of updated asset objects reloaded before import = 0Number of asset objects unloaded after import = 25

========================================================================
Received Import Request.
  Time since last request: 2.327093 seconds.
  path: Assets/Prefabs/Ingredients/Egg.prefab
  artifactKey: Guid(b341ac11810f081449208732941c679c) Importer(815301076,1909f56bfc062723c751e8b465ee728b)
Start importing Assets/Prefabs/Ingredients/Egg.prefab using Guid(b341ac11810f081449208732941c679c) Importer(815301076,1909f56bfc062723c751e8b465ee728b) (PreviewImporter) -> (artifact id: '108b479408c4ed86b698a21cf73a069c') in 0.0076515 seconds
Number of updated asset objects reloaded before import = 0Number of asset objects unloaded after import = 33

========================================================================
Received Import Request.
  Time since last request: 3.254908 seconds.
  path: Assets/Prefabs/Ingredients/MediumSteak.prefab
  artifactKey: Guid(62921ddd3ef56d14c80a6d72fc89dd38) Importer(815301076,1909f56bfc062723c751e8b465ee728b)
Start importing Assets/Prefabs/Ingredients/MediumSteak.prefab using Guid(62921ddd3ef56d14c80a6d72fc89dd38) Importer(815301076,1909f56bfc062723c751e8b465ee728b) (PreviewImporter) -> (artifact id: '6b4646750a40e69ea8bdaef834f3df03') in 0.016629 seconds
Number of updated asset objects reloaded before import = 0Number of asset objects unloaded after import = 42

========================================================================
Received Import Request.
  Time since last request: 0.137752 seconds.
  path: Assets/Prefabs/Ingredients/MediumSteak.prefab
  artifactKey: Guid(62921ddd3ef56d14c80a6d72fc89dd38) Importer(815301076,1909f56bfc062723c751e8b465ee728b)
Start importing Assets/Prefabs/Ingredients/MediumSteak.prefab using Guid(62921ddd3ef56d14c80a6d72fc89dd38) Importer(815301076,1909f56bfc062723c751e8b465ee728b) (PreviewImporter) -> (artifact id: 'f033b406d723c590dbae7d3d5200403a') in 0.0102263 seconds
Number of updated asset objects reloaded before import = 0Number of asset objects unloaded after import = 42

========================================================================
Received Import Request.
  Time since last request: 6.515485 seconds.
  path: Assets/Prefabs/Ingredients/MushroomChopped.prefab
  artifactKey: Guid(782a7b955dc007f4fb590946d86a6e8a) Importer(815301076,1909f56bfc062723c751e8b465ee728b)
Start importing Assets/Prefabs/Ingredients/MushroomChopped.prefab using Guid(782a7b955dc007f4fb590946d86a6e8a) Importer(815301076,1909f56bfc062723c751e8b465ee728b) (PreviewImporter) -> (artifact id: '0d18dbe067130acf5f77e1c939b40072') in 0.0104562 seconds
Number of updated asset objects reloaded before import = 0Number of asset objects unloaded after import = 18

========================================================================
Received Import Request.
  Time since last request: 0.642430 seconds.
  path: Assets/Prefabs/Ingredients/Mushroom.prefab
  artifactKey: Guid(59a182fa6ab2fc94fad6080e97d1f84c) Importer(815301076,1909f56bfc062723c751e8b465ee728b)
Start importing Assets/Prefabs/Ingredients/Mushroom.prefab using Guid(59a182fa6ab2fc94fad6080e97d1f84c) Importer(815301076,1909f56bfc062723c751e8b465ee728b) (PreviewImporter) -> (artifact id: 'fcb91a7a4f78475d149fb881f837e7c2') in 0.0114714 seconds
Number of updated asset objects reloaded before import = 0Number of asset objects unloaded after import = 19

========================================================================
Received Import Request.
  Time since last request: 11.341138 seconds.
  path: Assets/Prefabs/Ingredients/Mushroom.prefab
  artifactKey: Guid(59a182fa6ab2fc94fad6080e97d1f84c) Importer(815301076,1909f56bfc062723c751e8b465ee728b)
Start importing Assets/Prefabs/Ingredients/Mushroom.prefab using Guid(59a182fa6ab2fc94fad6080e97d1f84c) Importer(815301076,1909f56bfc062723c751e8b465ee728b) (PreviewImporter) -> (artifact id: '92f1c87d8cd90249096608681afca476') in 0.0128935 seconds
Number of updated asset objects reloaded before import = 0Number of asset objects unloaded after import = 19

========================================================================
Received Import Request.
  Time since last request: 0.910587 seconds.
  path: Assets/Prefabs/Ingredients/Mushroom.prefab
  artifactKey: Guid(59a182fa6ab2fc94fad6080e97d1f84c) Importer(815301076,1909f56bfc062723c751e8b465ee728b)
Start importing Assets/Prefabs/Ingredients/Mushroom.prefab using Guid(59a182fa6ab2fc94fad6080e97d1f84c) Importer(815301076,1909f56bfc062723c751e8b465ee728b) (PreviewImporter) -> (artifact id: '8559d8053d4d367668556fb92d81c239') in 0.0084559 seconds
Number of updated asset objects reloaded before import = 0Number of asset objects unloaded after import = 36

========================================================================
Received Import Request.
  Time since last request: 9.884926 seconds.
  path: Assets/Prefabs/Ingredients/Onion.prefab
  artifactKey: Guid(839b4755ca49a684fb40b6b1a7960f3e) Importer(815301076,1909f56bfc062723c751e8b465ee728b)
Start importing Assets/Prefabs/Ingredients/Onion.prefab using Guid(839b4755ca49a684fb40b6b1a7960f3e) Importer(815301076,1909f56bfc062723c751e8b465ee728b) (PreviewImporter) -> (artifact id: 'c2de47e4c736bb8bb22256d92dc0e02b') in 0.007503 seconds
Number of updated asset objects reloaded before import = 0Number of asset objects unloaded after import = 18

========================================================================
Received Import Request.
  Time since last request: 5.093898 seconds.
  path: Assets/Prefabs/Ingredients/Onion.prefab
  artifactKey: Guid(839b4755ca49a684fb40b6b1a7960f3e) Importer(815301076,1909f56bfc062723c751e8b465ee728b)
Start importing Assets/Prefabs/Ingredients/Onion.prefab using Guid(839b4755ca49a684fb40b6b1a7960f3e) Importer(815301076,1909f56bfc062723c751e8b465ee728b) (PreviewImporter) -> (artifact id: '28eb60e9ba563caa2de02162b92a2d76') in 0.0066417 seconds
Number of updated asset objects reloaded before import = 0Number of asset objects unloaded after import = 18

========================================================================
Received Import Request.
  Time since last request: 0.789327 seconds.
  path: Assets/Prefabs/Ingredients/Onion.prefab
  artifactKey: Guid(839b4755ca49a684fb40b6b1a7960f3e) Importer(815301076,1909f56bfc062723c751e8b465ee728b)
Start importing Assets/Prefabs/Ingredients/Onion.prefab using Guid(839b4755ca49a684fb40b6b1a7960f3e) Importer(815301076,1909f56bfc062723c751e8b465ee728b) (PreviewImporter) -> (artifact id: 'eaba065874c9e15fbeac40b996a1fc4a') in 0.0085814 seconds
Number of updated asset objects reloaded before import = 0Number of asset objects unloaded after import = 34

========================================================================
Received Import Request.
  Time since last request: 0.885733 seconds.
  path: Assets/Prefabs/Ingredients/OnionChopped.prefab
  artifactKey: Guid(f311ba28401a6b5459cfb529bb31db00) Importer(815301076,1909f56bfc062723c751e8b465ee728b)
Start importing Assets/Prefabs/Ingredients/OnionChopped.prefab using Guid(f311ba28401a6b5459cfb529bb31db00) Importer(815301076,1909f56bfc062723c751e8b465ee728b) (PreviewImporter) -> (artifact id: '506f647fdf4660966fbbc4d815d7a2b2') in 0.0091099 seconds
Number of updated asset objects reloaded before import = 0Number of asset objects unloaded after import = 17

========================================================================
Received Import Request.
  Time since last request: 7.233313 seconds.
  path: Assets/Prefabs/Ingredients/PattyBurned.prefab
  artifactKey: Guid(333819e4f56ad124e8a81df6af999e1b) Importer(815301076,1909f56bfc062723c751e8b465ee728b)
Start importing Assets/Prefabs/Ingredients/PattyBurned.prefab using Guid(333819e4f56ad124e8a81df6af999e1b) Importer(815301076,1909f56bfc062723c751e8b465ee728b) (PreviewImporter) -> (artifact id: 'f2b6a031acfc5ec0d06c05a933d92a3b') in 0.0100401 seconds
Number of updated asset objects reloaded before import = 0Number of asset objects unloaded after import = 16

========================================================================
Received Import Request.
  Time since last request: 5.892757 seconds.
  path: Assets/Prefabs/Ingredients/PattyCooked.prefab
  artifactKey: Guid(68084ffabbe46d74ab8ad6d69c46e5fa) Importer(815301076,1909f56bfc062723c751e8b465ee728b)
Start importing Assets/Prefabs/Ingredients/PattyCooked.prefab using Guid(68084ffabbe46d74ab8ad6d69c46e5fa) Importer(815301076,1909f56bfc062723c751e8b465ee728b) (PreviewImporter) -> (artifact id: '3e58cc4b19091a35a43492487fde75a9') in 0.0108136 seconds
Number of updated asset objects reloaded before import = 0Number of asset objects unloaded after import = 25

========================================================================
Received Import Request.
  Time since last request: 0.176922 seconds.
  path: Assets/Prefabs/Ingredients/PattyCooked.prefab
  artifactKey: Guid(68084ffabbe46d74ab8ad6d69c46e5fa) Importer(815301076,1909f56bfc062723c751e8b465ee728b)
Start importing Assets/Prefabs/Ingredients/PattyCooked.prefab using Guid(68084ffabbe46d74ab8ad6d69c46e5fa) Importer(815301076,1909f56bfc062723c751e8b465ee728b) (PreviewImporter) -> (artifact id: 'e500f152f5f4192ae782ba0a7a1f1491') in 0.0068051 seconds
Number of updated asset objects reloaded before import = 0Number of asset objects unloaded after import = 25

========================================================================
Received Import Request.
  Time since last request: 6.545396 seconds.
  path: Assets/Prefabs/Ingredients/PattyCooked.prefab
  artifactKey: Guid(68084ffabbe46d74ab8ad6d69c46e5fa) Importer(815301076,1909f56bfc062723c751e8b465ee728b)
Start importing Assets/Prefabs/Ingredients/PattyCooked.prefab using Guid(68084ffabbe46d74ab8ad6d69c46e5fa) Importer(815301076,1909f56bfc062723c751e8b465ee728b) (PreviewImporter) -> (artifact id: '37ef5c21e3c58d229e1051635c80d01b') in 0.0075196 seconds
Number of updated asset objects reloaded before import = 0Number of asset objects unloaded after import = 25

========================================================================
Received Import Request.
  Time since last request: 1.982324 seconds.
  path: Assets/Prefabs/Ingredients/PattyRaw.prefab
  artifactKey: Guid(a72d22a65797b0248b6274a2ae7d7ab4) Importer(815301076,1909f56bfc062723c751e8b465ee728b)
Start importing Assets/Prefabs/Ingredients/PattyRaw.prefab using Guid(a72d22a65797b0248b6274a2ae7d7ab4) Importer(815301076,1909f56bfc062723c751e8b465ee728b) (PreviewImporter) -> (artifact id: '207ea686d02cd5d0c82e3e32dae3a2fe') in 0.0103473 seconds
Number of updated asset objects reloaded before import = 0Number of asset objects unloaded after import = 34

========================================================================
Received Import Request.
  Time since last request: 6.772474 seconds.
  path: Assets/Prefabs/Ingredients/PattyRaw.prefab
  artifactKey: Guid(a72d22a65797b0248b6274a2ae7d7ab4) Importer(815301076,1909f56bfc062723c751e8b465ee728b)
Start importing Assets/Prefabs/Ingredients/PattyRaw.prefab using Guid(a72d22a65797b0248b6274a2ae7d7ab4) Importer(815301076,1909f56bfc062723c751e8b465ee728b) (PreviewImporter) -> (artifact id: '55df2158e6748556cc0d317c14cd1602') in 0.0097844 seconds
Number of updated asset objects reloaded before import = 0Number of asset objects unloaded after import = 34

========================================================================
Received Import Request.
  Time since last request: 0.790288 seconds.
  path: Assets/Prefabs/Ingredients/PizzaBase.prefab
  artifactKey: Guid(db936c89963ba0a4182344635e648171) Importer(815301076,1909f56bfc062723c751e8b465ee728b)
Start importing Assets/Prefabs/Ingredients/PizzaBase.prefab using Guid(db936c89963ba0a4182344635e648171) Importer(815301076,1909f56bfc062723c751e8b465ee728b) (PreviewImporter) -> (artifact id: '7e286a407b5a4c1765ed370b442f49b3') in 0.0076408 seconds
Number of updated asset objects reloaded before import = 0Number of asset objects unloaded after import = 28

========================================================================
Received Import Request.
  Time since last request: 4.902012 seconds.
  path: Assets/Prefabs/Ingredients/PizzaBase.prefab
  artifactKey: Guid(db936c89963ba0a4182344635e648171) Importer(815301076,1909f56bfc062723c751e8b465ee728b)
Start importing Assets/Prefabs/Ingredients/PizzaBase.prefab using Guid(db936c89963ba0a4182344635e648171) Importer(815301076,1909f56bfc062723c751e8b465ee728b) (PreviewImporter) -> (artifact id: 'd2c55f9a85fc24a9b14cbd1bcfe3d1f4') in 0.008812 seconds
Number of updated asset objects reloaded before import = 0Number of asset objects unloaded after import = 28

========================================================================
Received Import Request.
  Time since last request: 0.829320 seconds.
  path: Assets/Prefabs/Ingredients/PizzaBase.prefab
  artifactKey: Guid(db936c89963ba0a4182344635e648171) Importer(815301076,1909f56bfc062723c751e8b465ee728b)
Start importing Assets/Prefabs/Ingredients/PizzaBase.prefab using Guid(db936c89963ba0a4182344635e648171) Importer(815301076,1909f56bfc062723c751e8b465ee728b) (PreviewImporter) -> (artifact id: 'faab4cc336071cae3475a143b72d6119') in 0.0074401 seconds
Number of updated asset objects reloaded before import = 0Number of asset objects unloaded after import = 29

========================================================================
Received Import Request.
  Time since last request: 5.606654 seconds.
  path: Assets/Prefabs/Ingredients/PizzaBase.prefab
  artifactKey: Guid(db936c89963ba0a4182344635e648171) Importer(815301076,1909f56bfc062723c751e8b465ee728b)
Start importing Assets/Prefabs/Ingredients/PizzaBase.prefab using Guid(db936c89963ba0a4182344635e648171) Importer(815301076,1909f56bfc062723c751e8b465ee728b) (PreviewImporter) -> (artifact id: '49d3717f0f80ba2a350f693c9ca11762') in 0.008883 seconds
Number of updated asset objects reloaded before import = 0Number of asset objects unloaded after import = 46

========================================================================
Received Import Request.
  Time since last request: 2.403114 seconds.
  path: Assets/Prefabs/Ingredients/PizzaBase.prefab
  artifactKey: Guid(db936c89963ba0a4182344635e648171) Importer(815301076,1909f56bfc062723c751e8b465ee728b)
Start importing Assets/Prefabs/Ingredients/PizzaBase.prefab using Guid(db936c89963ba0a4182344635e648171) Importer(815301076,1909f56bfc062723c751e8b465ee728b) (PreviewImporter) -> (artifact id: '92f7723c55a877daf6693bcc9c2c6487') in 0.0088785 seconds
Number of updated asset objects reloaded before import = 0Number of asset objects unloaded after import = 57

========================================================================
Received Import Request.
  Time since last request: 15.783424 seconds.
  path: Assets/Prefabs/Ingredients/PizzaTomato.prefab
  artifactKey: Guid(156ba817a6030fe4ca972e7d41c62614) Importer(815301076,1909f56bfc062723c751e8b465ee728b)
Start importing Assets/Prefabs/Ingredients/PizzaTomato.prefab using Guid(156ba817a6030fe4ca972e7d41c62614) Importer(815301076,1909f56bfc062723c751e8b465ee728b) (PreviewImporter) -> (artifact id: '13601c90a235696fa039595011c1f71c') in 0.0101569 seconds
Number of updated asset objects reloaded before import = 0Number of asset objects unloaded after import = 32

========================================================================
Received Import Request.
  Time since last request: 6.070589 seconds.
  path: Assets/Prefabs/Ingredients/PizzaTomato.prefab
  artifactKey: Guid(156ba817a6030fe4ca972e7d41c62614) Importer(815301076,1909f56bfc062723c751e8b465ee728b)
Start importing Assets/Prefabs/Ingredients/PizzaTomato.prefab using Guid(156ba817a6030fe4ca972e7d41c62614) Importer(815301076,1909f56bfc062723c751e8b465ee728b) (PreviewImporter) -> (artifact id: '56df9f08c52f810a391e59965a9febfe') in 0.0063767 seconds
Number of updated asset objects reloaded before import = 0Number of asset objects unloaded after import = 32

========================================================================
Received Import Request.
  Time since last request: 1.157591 seconds.
  path: Assets/Prefabs/Ingredients/PizzaTomato.prefab
  artifactKey: Guid(156ba817a6030fe4ca972e7d41c62614) Importer(815301076,1909f56bfc062723c751e8b465ee728b)
Start importing Assets/Prefabs/Ingredients/PizzaTomato.prefab using Guid(156ba817a6030fe4ca972e7d41c62614) Importer(815301076,1909f56bfc062723c751e8b465ee728b) (PreviewImporter) -> (artifact id: '0d9dd0014374cbfe2b096711fec26795') in 0.0078929 seconds
Number of updated asset objects reloaded before import = 0Number of asset objects unloaded after import = 33

========================================================================
Received Import Request.
  Time since last request: 4.496949 seconds.
  path: Assets/Prefabs/Ingredients/PizzaTomato.prefab
  artifactKey: Guid(156ba817a6030fe4ca972e7d41c62614) Importer(815301076,1909f56bfc062723c751e8b465ee728b)
Start importing Assets/Prefabs/Ingredients/PizzaTomato.prefab using Guid(156ba817a6030fe4ca972e7d41c62614) Importer(815301076,1909f56bfc062723c751e8b465ee728b) (PreviewImporter) -> (artifact id: '40484f4e23978af7566e16afa8512710') in 0.0085629 seconds
Number of updated asset objects reloaded before import = 0Number of asset objects unloaded after import = 47

========================================================================
Received Import Request.
  Time since last request: 2.612995 seconds.
  path: Assets/Prefabs/Ingredients/PizzaTomato.prefab
  artifactKey: Guid(156ba817a6030fe4ca972e7d41c62614) Importer(815301076,1909f56bfc062723c751e8b465ee728b)
Start importing Assets/Prefabs/Ingredients/PizzaTomato.prefab using Guid(156ba817a6030fe4ca972e7d41c62614) Importer(815301076,1909f56bfc062723c751e8b465ee728b) (PreviewImporter) -> (artifact id: '05a84d8685d7537523dbadd97bb48749') in 0.0088781 seconds
Number of updated asset objects reloaded before import = 0Number of asset objects unloaded after import = 62

========================================================================
Received Import Request.
  Time since last request: 1.729058 seconds.
  path: Assets/Prefabs/Ingredients/PizzaTomatoCheese.prefab
  artifactKey: Guid(8ea47bd47654d424e904f83337289b6a) Importer(815301076,1909f56bfc062723c751e8b465ee728b)
Start importing Assets/Prefabs/Ingredients/PizzaTomatoCheese.prefab using Guid(8ea47bd47654d424e904f83337289b6a) Importer(815301076,1909f56bfc062723c751e8b465ee728b) (PreviewImporter) -> (artifact id: 'e0db08ad942cd690e8bfe4585655d11b') in 0.0098315 seconds
Number of updated asset objects reloaded before import = 0Number of asset objects unloaded after import = 36

========================================================================
Received Import Request.
  Time since last request: 0.768860 seconds.
  path: Assets/Prefabs/Ingredients/RareSteak.prefab
  artifactKey: Guid(d6c578a51eaa64c4dbece65be94d793b) Importer(815301076,1909f56bfc062723c751e8b465ee728b)
Start importing Assets/Prefabs/Ingredients/RareSteak.prefab using Guid(d6c578a51eaa64c4dbece65be94d793b) Importer(815301076,1909f56bfc062723c751e8b465ee728b) (PreviewImporter) -> (artifact id: '00530a342be60a58583738455fc5a6b6') in 0.0137845 seconds
Number of updated asset objects reloaded before import = 0Number of asset objects unloaded after import = 54

========================================================================
Received Import Request.
  Time since last request: 6.647198 seconds.
  path: Assets/Prefabs/Ingredients/RawMeat.prefab
  artifactKey: Guid(cf9c6420912c5924cb325b2407e24d45) Importer(815301076,1909f56bfc062723c751e8b465ee728b)
Start importing Assets/Prefabs/Ingredients/RawMeat.prefab using Guid(cf9c6420912c5924cb325b2407e24d45) Importer(815301076,1909f56bfc062723c751e8b465ee728b) (PreviewImporter) -> (artifact id: '173d4cf11755dd789b90a72c45e8e460') in 0.0196044 seconds
Number of updated asset objects reloaded before import = 0Number of asset objects unloaded after import = 131

========================================================================
Received Import Request.
  Time since last request: 5.871500 seconds.
  path: Assets/Prefabs/Ingredients/Tomato.prefab
  artifactKey: Guid(fa90918dcdaf1c34baa371e77ebf8927) Importer(815301076,1909f56bfc062723c751e8b465ee728b)
Start importing Assets/Prefabs/Ingredients/Tomato.prefab using Guid(fa90918dcdaf1c34baa371e77ebf8927) Importer(815301076,1909f56bfc062723c751e8b465ee728b) (PreviewImporter) -> (artifact id: 'f16a56471e8182dd78f998242e57d96c') in 0.0105603 seconds
Number of updated asset objects reloaded before import = 0Number of asset objects unloaded after import = 54

========================================================================
Received Import Request.
  Time since last request: 4.214353 seconds.
  path: Assets/Prefabs/Ingredients/TomatoChopped.prefab
  artifactKey: Guid(f88c2865bbda26d439c1d8c0629efa37) Importer(815301076,1909f56bfc062723c751e8b465ee728b)
Start importing Assets/Prefabs/Ingredients/TomatoChopped.prefab using Guid(f88c2865bbda26d439c1d8c0629efa37) Importer(815301076,1909f56bfc062723c751e8b465ee728b) (PreviewImporter) -> (artifact id: '887b311113f0a00049afb8077557b530') in 0.006464 seconds
Number of updated asset objects reloaded before import = 0Number of asset objects unloaded after import = 36

========================================================================
Received Import Request.
  Time since last request: 0.125695 seconds.
  path: Assets/Prefabs/Ingredients/TomatoChopped.prefab
  artifactKey: Guid(f88c2865bbda26d439c1d8c0629efa37) Importer(815301076,1909f56bfc062723c751e8b465ee728b)
Start importing Assets/Prefabs/Ingredients/TomatoChopped.prefab using Guid(f88c2865bbda26d439c1d8c0629efa37) Importer(815301076,1909f56bfc062723c751e8b465ee728b) (PreviewImporter) -> (artifact id: '0d97f2cfc44a97de17b858ffb88e87e8') in 0.0084679 seconds
Number of updated asset objects reloaded before import = 0Number of asset objects unloaded after import = 36

========================================================================
Received Import Request.
  Time since last request: 7.111599 seconds.
  path: Assets/Prefabs/Ingredients/TomatoChopped.prefab
  artifactKey: Guid(f88c2865bbda26d439c1d8c0629efa37) Importer(815301076,1909f56bfc062723c751e8b465ee728b)
Start importing Assets/Prefabs/Ingredients/TomatoChopped.prefab using Guid(f88c2865bbda26d439c1d8c0629efa37) Importer(815301076,1909f56bfc062723c751e8b465ee728b) (PreviewImporter) -> (artifact id: '887a157b5f2b2475bf1a90c0ebe13237') in 0.0061595 seconds
Number of updated asset objects reloaded before import = 0Number of asset objects unloaded after import = 36

========================================================================
Received Import Request.
  Time since last request: 1.427656 seconds.
  path: Assets/Prefabs/Ingredients/TomatoSauce.prefab
  artifactKey: Guid(778e758e4e6bca84dbc61dd0739c7a7e) Importer(815301076,1909f56bfc062723c751e8b465ee728b)
Start importing Assets/Prefabs/Ingredients/TomatoSauce.prefab using Guid(778e758e4e6bca84dbc61dd0739c7a7e) Importer(815301076,1909f56bfc062723c751e8b465ee728b) (PreviewImporter) -> (artifact id: '3a7e97648404dfe219ac7b419ae66c4b') in 0.0073867 seconds
Number of updated asset objects reloaded before import = 0Number of asset objects unloaded after import = 18

========================================================================
Received Import Request.
  Time since last request: 6.295283 seconds.
  path: Assets/Prefabs/Ingredients/Well-doneSteak.prefab
  artifactKey: Guid(859c24cdb659ec843bb945a6a1d42d3c) Importer(815301076,1909f56bfc062723c751e8b465ee728b)
Start importing Assets/Prefabs/Ingredients/Well-doneSteak.prefab using Guid(859c24cdb659ec843bb945a6a1d42d3c) Importer(815301076,1909f56bfc062723c751e8b465ee728b) (PreviewImporter) -> (artifact id: '1a2ae8fb0a99176ba8d516d89dfaddad') in 0.0102549 seconds
Number of updated asset objects reloaded before import = 0Number of asset objects unloaded after import = 30

========================================================================
Received Import Request.
  Time since last request: 0.132741 seconds.
  path: Assets/Prefabs/Ingredients/Well-doneSteak.prefab
  artifactKey: Guid(859c24cdb659ec843bb945a6a1d42d3c) Importer(815301076,1909f56bfc062723c751e8b465ee728b)
Start importing Assets/Prefabs/Ingredients/Well-doneSteak.prefab using Guid(859c24cdb659ec843bb945a6a1d42d3c) Importer(815301076,1909f56bfc062723c751e8b465ee728b) (PreviewImporter) -> (artifact id: 'eb7e8a6e97a6d14977822087dfdaee08') in 0.0100704 seconds
Number of updated asset objects reloaded before import = 0Number of asset objects unloaded after import = 30

========================================================================
Received Import Request.
  Time since last request: 8.777701 seconds.
  path: Assets/Prefabs/Ingredients/Well-doneSteak.prefab
  artifactKey: Guid(859c24cdb659ec843bb945a6a1d42d3c) Importer(815301076,1909f56bfc062723c751e8b465ee728b)
Start importing Assets/Prefabs/Ingredients/Well-doneSteak.prefab using Guid(859c24cdb659ec843bb945a6a1d42d3c) Importer(815301076,1909f56bfc062723c751e8b465ee728b) (PreviewImporter) -> (artifact id: 'ea88afdad489e4861882ab5261cb0491') in 0.0129266 seconds
Number of updated asset objects reloaded before import = 0Number of asset objects unloaded after import = 30

========================================================================
Received Import Request.
  Time since last request: 0.672303 seconds.
  path: Assets/Prefabs/Ingredients/TomatoSauce.prefab
  artifactKey: Guid(778e758e4e6bca84dbc61dd0739c7a7e) Importer(815301076,1909f56bfc062723c751e8b465ee728b)
Start importing Assets/Prefabs/Ingredients/TomatoSauce.prefab using Guid(778e758e4e6bca84dbc61dd0739c7a7e) Importer(815301076,1909f56bfc062723c751e8b465ee728b) (PreviewImporter) -> (artifact id: 'ab3c22a82edc49f27a968cab2d87c894') in 0.0066693 seconds
Number of updated asset objects reloaded before import = 0Number of asset objects unloaded after import = 18

========================================================================
Received Import Request.
  Time since last request: 1.326941 seconds.
  path: Assets/Prefabs/Ingredients/Tomato.prefab
  artifactKey: Guid(fa90918dcdaf1c34baa371e77ebf8927) Importer(815301076,1909f56bfc062723c751e8b465ee728b)
Start importing Assets/Prefabs/Ingredients/Tomato.prefab using Guid(fa90918dcdaf1c34baa371e77ebf8927) Importer(815301076,1909f56bfc062723c751e8b465ee728b) (PreviewImporter) -> (artifact id: '9683f5f14962dddca0e6f16861bc19be') in 0.0086909 seconds
Number of updated asset objects reloaded before import = 0Number of asset objects unloaded after import = 54

========================================================================
Received Import Request.
  Time since last request: 1.097686 seconds.
  path: Assets/Prefabs/Ingredients/RawMeat.prefab
  artifactKey: Guid(cf9c6420912c5924cb325b2407e24d45) Importer(815301076,1909f56bfc062723c751e8b465ee728b)
Start importing Assets/Prefabs/Ingredients/RawMeat.prefab using Guid(cf9c6420912c5924cb325b2407e24d45) Importer(815301076,1909f56bfc062723c751e8b465ee728b) (PreviewImporter) -> (artifact id: '8144b8049074114420c82566fdf3ed76') in 0.0171547 seconds
Number of updated asset objects reloaded before import = 0Number of asset objects unloaded after import = 131

========================================================================
Received Import Request.
  Time since last request: 0.488016 seconds.
  path: Assets/Prefabs/Ingredients/RareSteak.prefab
  artifactKey: Guid(d6c578a51eaa64c4dbece65be94d793b) Importer(815301076,1909f56bfc062723c751e8b465ee728b)
Start importing Assets/Prefabs/Ingredients/RareSteak.prefab using Guid(d6c578a51eaa64c4dbece65be94d793b) Importer(815301076,1909f56bfc062723c751e8b465ee728b) (PreviewImporter) -> (artifact id: 'a204b5cf77221bb4a1c5473ce07eef79') in 0.0106699 seconds
Number of updated asset objects reloaded before import = 0Number of asset objects unloaded after import = 54

========================================================================
Received Import Request.
  Time since last request: 1.845192 seconds.
  path: Assets/Prefabs/Ingredients/PizzaBase.prefab
  artifactKey: Guid(db936c89963ba0a4182344635e648171) Importer(815301076,1909f56bfc062723c751e8b465ee728b)
Start importing Assets/Prefabs/Ingredients/PizzaBase.prefab using Guid(db936c89963ba0a4182344635e648171) Importer(815301076,1909f56bfc062723c751e8b465ee728b) (PreviewImporter) -> (artifact id: 'f3eb85656787e15ba85a3e1debe53010') in 0.0113357 seconds
Number of updated asset objects reloaded before import = 0Number of asset objects unloaded after import = 87

========================================================================
Received Prepare
Begin MonoManager ReloadAssembly
[Licensing::Client] Successfully resolved entitlement details
- Loaded All Assemblies, in  0.744 seconds
Refreshing native plugins compatible for Editor in 1.83 ms, found 3 plugins.
Native extension for Android target not found
Native extension for WindowsStandalone target not found
[Package Manager] Failed to launch server process. Reason: Unity was launched with the -noUpm command-line argument
[Package Manager] Unable to send message (not connected to server process).
[Package Manager] Cannot connect to Unity Package Manager local server
Mono: successfully reloaded assembly
- Finished resetting the current domain, in  0.613 seconds
Domain Reload Profiling: 1356ms
	BeginReloadAssembly (243ms)
		ExecutionOrderSort (0ms)
		DisableScriptedObjects (7ms)
		BackupInstance (0ms)
		ReleaseScriptingObjects (0ms)
		CreateAndSetChildDomain (67ms)
	RebuildCommonClasses (39ms)
	RebuildNativeTypeToScriptingClass (12ms)
	initialDomainReloadingComplete (32ms)
	LoadAllAssembliesAndSetupDomain (418ms)
		LoadAssemblies (380ms)
		RebuildTransferFunctionScriptingTraits (0ms)
		AnalyzeDomain (149ms)
			TypeCache.Refresh (8ms)
				TypeCache.ScanAssembly (0ms)
			BuildScriptInfoCaches (131ms)
			ResolveRequiredComponents (5ms)
	FinalizeReload (614ms)
		ReleaseScriptCaches (0ms)
		RebuildScriptCaches (0ms)
		SetupLoadedEditorAssemblies (478ms)
			LogAssemblyErrors (0ms)
			InitializePlatformSupportModulesInManaged (10ms)
			SetLoadedEditorAssemblies (4ms)
			BeforeProcessingInitializeOnLoad (106ms)
			ProcessInitializeOnLoadAttributes (322ms)
			ProcessInitializeOnLoadMethodAttributes (29ms)
			AfterProcessingInitializeOnLoad (7ms)
			EditorAssembliesLoaded (0ms)
		ExecutionOrderSort2 (0ms)
		AwakeInstancesAfterBackupRestoration (7ms)
Refreshing native plugins compatible for Editor in 1.84 ms, found 3 plugins.
Preloading 0 native plugins for Editor in 0.00 ms.
Unloading 0 Unused Serialized files (Serialized files now loaded: 0)
Unloading 3898 unused Assets / (1.1 MB). Loaded Objects now: 4403.
Memory consumption went from 89.4 MB to 88.3 MB.
Total: 16.384200 ms (FindLiveObjects: 2.332300 ms CreateObjectMapping: 0.924200 ms MarkObjects: 11.524800 ms  DeleteObjects: 1.600200 ms)

Prepare: number of updated asset objects reloaded= 0
========================================================================
Received Import Request.
  Time since last request: 22.368330 seconds.
  path: Assets/Prefabs/Ingredients/ChoppedMeat.prefab
  artifactKey: Guid(b54a55fe5dcd2af4ba2a110a7d31a2f9) Importer(815301076,1909f56bfc062723c751e8b465ee728b)
Start importing Assets/Prefabs/Ingredients/ChoppedMeat.prefab using Guid(b54a55fe5dcd2af4ba2a110a7d31a2f9) Importer(815301076,1909f56bfc062723c751e8b465ee728b) (PreviewImporter) -> (artifact id: '8788d8da5d98de92d2f9039d27ed5f02') in 0.0965364 seconds
Number of updated asset objects reloaded before import = 0Number of asset objects unloaded after import = 66

========================================================================
Received Import Request.
  Time since last request: 2.450734 seconds.
  path: Assets/Prefabs/Ingredients/MediumSteak.prefab
  artifactKey: Guid(62921ddd3ef56d14c80a6d72fc89dd38) Importer(815301076,1909f56bfc062723c751e8b465ee728b)
Start importing Assets/Prefabs/Ingredients/MediumSteak.prefab using Guid(62921ddd3ef56d14c80a6d72fc89dd38) Importer(815301076,1909f56bfc062723c751e8b465ee728b) (PreviewImporter) -> (artifact id: '98eb5c1360271b0402e2f8fbe98fe3b6') in 0.0119431 seconds
Number of updated asset objects reloaded before import = 0Number of asset objects unloaded after import = 42

========================================================================
Received Import Request.
  Time since last request: 0.909644 seconds.
  path: Assets/Prefabs/Ingredients/Mushroom.prefab
  artifactKey: Guid(59a182fa6ab2fc94fad6080e97d1f84c) Importer(815301076,1909f56bfc062723c751e8b465ee728b)
Start importing Assets/Prefabs/Ingredients/Mushroom.prefab using Guid(59a182fa6ab2fc94fad6080e97d1f84c) Importer(815301076,1909f56bfc062723c751e8b465ee728b) (PreviewImporter) -> (artifact id: 'a1b3039cbdc1d7c80515556c1173cc8c') in 0.0080024 seconds
Number of updated asset objects reloaded before import = 0Number of asset objects unloaded after import = 36

========================================================================
Received Import Request.
  Time since last request: 0.668342 seconds.
  path: Assets/Prefabs/Ingredients/MushroomChopped.prefab
  artifactKey: Guid(782a7b955dc007f4fb590946d86a6e8a) Importer(815301076,1909f56bfc062723c751e8b465ee728b)
Start importing Assets/Prefabs/Ingredients/MushroomChopped.prefab using Guid(782a7b955dc007f4fb590946d86a6e8a) Importer(815301076,1909f56bfc062723c751e8b465ee728b) (PreviewImporter) -> (artifact id: '107c27181a616c769f6a326be80aed3c') in 0.0063707 seconds
Number of updated asset objects reloaded before import = 0Number of asset objects unloaded after import = 18

========================================================================
Received Import Request.
  Time since last request: 0.797682 seconds.
  path: Assets/Prefabs/Ingredients/Onion.prefab
  artifactKey: Guid(839b4755ca49a684fb40b6b1a7960f3e) Importer(815301076,1909f56bfc062723c751e8b465ee728b)
Start importing Assets/Prefabs/Ingredients/Onion.prefab using Guid(839b4755ca49a684fb40b6b1a7960f3e) Importer(815301076,1909f56bfc062723c751e8b465ee728b) (PreviewImporter) -> (artifact id: '4cdb226fd8d7f1f4d5280bc16ccebbb5') in 0.0075094 seconds
Number of updated asset objects reloaded before import = 0Number of asset objects unloaded after import = 34

========================================================================
Received Import Request.
  Time since last request: 0.681928 seconds.
  path: Assets/Prefabs/Ingredients/OnionChopped.prefab
  artifactKey: Guid(f311ba28401a6b5459cfb529bb31db00) Importer(815301076,1909f56bfc062723c751e8b465ee728b)
Start importing Assets/Prefabs/Ingredients/OnionChopped.prefab using Guid(f311ba28401a6b5459cfb529bb31db00) Importer(815301076,1909f56bfc062723c751e8b465ee728b) (PreviewImporter) -> (artifact id: 'd99ea3905f302a9c7d0729aaf7b8db20') in 0.0088306 seconds
Number of updated asset objects reloaded before import = 0Number of asset objects unloaded after import = 17

========================================================================
Received Import Request.
  Time since last request: 0.736344 seconds.
  path: Assets/Prefabs/Ingredients/PattyBurned.prefab
  artifactKey: Guid(333819e4f56ad124e8a81df6af999e1b) Importer(815301076,1909f56bfc062723c751e8b465ee728b)
Start importing Assets/Prefabs/Ingredients/PattyBurned.prefab using Guid(333819e4f56ad124e8a81df6af999e1b) Importer(815301076,1909f56bfc062723c751e8b465ee728b) (PreviewImporter) -> (artifact id: 'd69e863cc871a0e89cbfc71d8b608dfb') in 0.0064319 seconds
Number of updated asset objects reloaded before import = 0Number of asset objects unloaded after import = 16

========================================================================
Received Import Request.
  Time since last request: 12.927918 seconds.
  path: Assets/Prefabs/Ingredients/TomatoChopped.prefab
  artifactKey: Guid(f88c2865bbda26d439c1d8c0629efa37) Importer(815301076,1909f56bfc062723c751e8b465ee728b)
Start importing Assets/Prefabs/Ingredients/TomatoChopped.prefab using Guid(f88c2865bbda26d439c1d8c0629efa37) Importer(815301076,1909f56bfc062723c751e8b465ee728b) (PreviewImporter) -> (artifact id: 'c2c7b649c66dc03ec8f0f6d6848baa45') in 0.0068409 seconds
Number of updated asset objects reloaded before import = 0Number of asset objects unloaded after import = 36

========================================================================
Received Import Request.
  Time since last request: 15.632579 seconds.
  path: Assets/Prefabs/Ingredients/PizzaTomatoCheese.prefab
  artifactKey: Guid(8ea47bd47654d424e904f83337289b6a) Importer(815301076,1909f56bfc062723c751e8b465ee728b)
Start importing Assets/Prefabs/Ingredients/PizzaTomatoCheese.prefab using Guid(8ea47bd47654d424e904f83337289b6a) Importer(815301076,1909f56bfc062723c751e8b465ee728b) (PreviewImporter) -> (artifact id: '6a22eed1863bce93d5903046859c1352') in 0.0094668 seconds
Number of updated asset objects reloaded before import = 0Number of asset objects unloaded after import = 36

========================================================================
Received Import Request.
  Time since last request: 3.183376 seconds.
  path: Assets/Models/Ingredients/Broth.fbx
  artifactKey: Guid(db52cbe2227a5534fb038eba12d328e3) Importer(815301076,1909f56bfc062723c751e8b465ee728b)
Start importing Assets/Models/Ingredients/Broth.fbx using Guid(db52cbe2227a5534fb038eba12d328e3) Importer(815301076,1909f56bfc062723c751e8b465ee728b) (PreviewImporter) -> (artifact id: 'e38baecc0bf04cbfc598ef99ccccc50b') in 0.1336798 seconds
Number of updated asset objects reloaded before import = 0Number of asset objects unloaded after import = 35

========================================================================
Received Import Request.
  Time since last request: 13.420321 seconds.
  path: Assets/Models/Ingredients/Lettuce.fbx
  artifactKey: Guid(558c649e59153754ca1c2593e2d7d873) Importer(815301076,1909f56bfc062723c751e8b465ee728b)
Start importing Assets/Models/Ingredients/Lettuce.fbx using Guid(558c649e59153754ca1c2593e2d7d873) Importer(815301076,1909f56bfc062723c751e8b465ee728b) (PreviewImporter) -> (artifact id: 'b0b858f004eb8cb188a377dcd2d837a6') in 0.030148 seconds
Number of updated asset objects reloaded before import = 0Number of asset objects unloaded after import = 9

========================================================================
Received Import Request.
  Time since last request: 0.453595 seconds.
  path: Assets/Models/Ingredients/Lettuce2.fbx
  artifactKey: Guid(9dbf9aa38c22ed948a88e5cf3e855a73) Importer(815301076,1909f56bfc062723c751e8b465ee728b)
Start importing Assets/Models/Ingredients/Lettuce2.fbx using Guid(9dbf9aa38c22ed948a88e5cf3e855a73) Importer(815301076,1909f56bfc062723c751e8b465ee728b) (PreviewImporter) -> (artifact id: 'bf6837aa6e411bc1202680a1b30572bf') in 0.0186249 seconds
Number of updated asset objects reloaded before import = 0Number of asset objects unloaded after import = 9

========================================================================
Received Import Request.
  Time since last request: 1.160658 seconds.
  path: Assets/Models/Ingredients/Lettuce_Diffuse.png
  artifactKey: Guid(152558bc4c2091846881d3f7a220686f) Importer(815301076,1909f56bfc062723c751e8b465ee728b)
Start importing Assets/Models/Ingredients/Lettuce_Diffuse.png using Guid(152558bc4c2091846881d3f7a220686f) Importer(815301076,1909f56bfc062723c751e8b465ee728b) (PreviewImporter)[Licensing::Client] Successfully resolved entitlement details
 -> (artifact id: '11712d8f8402a762636d747f9afee75e') in 0.0157384 seconds
Number of updated asset objects reloaded before import = 0Number of asset objects unloaded after import = 2

